Building DAG of jobs...
Using shell: /usr/local/bin/bash
Provided cores: 2
Rules claiming more threads will be scaled down.
Job stats:
job                count    min threads    max threads
---------------  -------  -------------  -------------
all                    1              1              1
plot_word_count        6              1              1
total                  7              1              1

Select jobs to execute...

[Wed Dec 22 23:56:23 2021]
rule plot_word_count:
    input: wikititle/word_count_wikititle=Otaru.csv
    output: figs/word_count_wikititle=Otaru.pdf
    jobid: 4
    wildcards: wikititle=Otaru
    resources: tmpdir=/var/folders/57/9xrg5s891dzfv2s_nfnbj2y40000gq/T


[Wed Dec 22 23:56:23 2021]
rule plot_word_count:
    input: wikititle/word_count_wikititle=Hakodate.csv
    output: figs/word_count_wikititle=Hakodate.pdf
    jobid: 7
    wildcards: wikititle=Hakodate
    resources: tmpdir=/var/folders/57/9xrg5s891dzfv2s_nfnbj2y40000gq/T

[Wed Dec 22 23:56:25 2021]
Finished job 4.
1 of 7 steps (14%) done
Select jobs to execute...

[Wed Dec 22 23:56:25 2021]
rule plot_word_count:
    input: wikititle/word_count_wikititle=Shiretoko_Peninsula.csv
    output: figs/word_count_wikititle=Shiretoko_Peninsula.pdf
    jobid: 16
    wildcards: wikititle=Shiretoko_Peninsula
    resources: tmpdir=/var/folders/57/9xrg5s891dzfv2s_nfnbj2y40000gq/T

[Wed Dec 22 23:56:25 2021]
Finished job 7.
2 of 7 steps (29%) done
Select jobs to execute...

[Wed Dec 22 23:56:25 2021]
rule plot_word_count:
    input: wikititle/word_count_wikititle=Sapporo.csv
    output: figs/word_count_wikititle=Sapporo.pdf
    jobid: 1
    wildcards: wikititle=Sapporo
    resources: tmpdir=/var/folders/57/9xrg5s891dzfv2s_nfnbj2y40000gq/T

[Wed Dec 22 23:56:28 2021]
Finished job 16.
3 of 7 steps (43%) done
Select jobs to execute...

[Wed Dec 22 23:56:28 2021]
rule plot_word_count:
    input: wikititle/word_count_wikititle=Asahikawa.csv
    output: figs/word_count_wikititle=Asahikawa.pdf
    jobid: 10
    wildcards: wikititle=Asahikawa
    resources: tmpdir=/var/folders/57/9xrg5s891dzfv2s_nfnbj2y40000gq/T

[Wed Dec 22 23:56:28 2021]
Finished job 1.
4 of 7 steps (57%) done
Select jobs to execute...

[Wed Dec 22 23:56:28 2021]
rule plot_word_count:
    input: wikititle/word_count_wikititle=Kushiro.csv
    output: figs/word_count_wikititle=Kushiro.pdf
    jobid: 13
    wildcards: wikititle=Kushiro
    resources: tmpdir=/var/folders/57/9xrg5s891dzfv2s_nfnbj2y40000gq/T

[Wed Dec 22 23:56:30 2021]
Finished job 10.
5 of 7 steps (71%) done
[Wed Dec 22 23:56:30 2021]
Finished job 13.
6 of 7 steps (86%) done
Select jobs to execute...

[Wed Dec 22 23:56:30 2021]
localrule all:
    input: figs/word_count_wikititle=Sapporo.pdf, figs/word_count_wikititle=Otaru.pdf, figs/word_count_wikititle=Hakodate.pdf, figs/word_count_wikititle=Asahikawa.pdf, figs/word_count_wikititle=Kushiro.pdf, figs/word_count_wikititle=Shiretoko_Peninsula.pdf
    jobid: 0
    resources: tmpdir=/var/folders/57/9xrg5s891dzfv2s_nfnbj2y40000gq/T

[Wed Dec 22 23:56:30 2021]
Finished job 0.
7 of 7 steps (100%) done
Complete log: /Users/skojaku-admin/program/code/jp-how-to-use-snakemake/Snakemake応用編1/.snakemake/log/2021-12-22T235622.923421.snakemake.log
