Building DAG of jobs...
Using shell: /usr/local/bin/bash
Provided cores: 5
Rules claiming more threads will be scaled down.
Job stats:
job        count    min threads    max threads
-------  -------  -------------  -------------
all            1              1              1
summary        8              1              1
total          9              1              1

Select jobs to execute...

[Thu Dec 23 23:15:51 2021]
rule summary:
    input: data/wiki_text_wikititle=Sapporo.txt
    output: data/summary_wikititle=Sapporo_model=t5-base_len=32.csv
    jobid: 1
    wildcards: wikititle=Sapporo, model=t5-base, max_length=32
    resources: tmpdir=/var/folders/57/9xrg5s891dzfv2s_nfnbj2y40000gq/T

[Thu Dec 23 23:15:51 2021]
rule summary:
    input: data/wiki_text_wikititle=Sapporo.txt
    output: data/summary_wikititle=Sapporo_model=t5-base_len=64.csv
    jobid: 3
    wildcards: wikititle=Sapporo, model=t5-base, max_length=64
    resources: tmpdir=/var/folders/57/9xrg5s891dzfv2s_nfnbj2y40000gq/T

[Thu Dec 23 23:15:51 2021]
rule summary:
    input: data/wiki_text_wikititle=Sapporo.txt
    output: data/summary_wikititle=Sapporo_model=t5-small_len=64.csv
    jobid: 5
    wildcards: wikititle=Sapporo, model=t5-small, max_length=64
    resources: tmpdir=/var/folders/57/9xrg5s891dzfv2s_nfnbj2y40000gq/T

[Thu Dec 23 23:15:51 2021]
rule summary:
    input: data/wiki_text_wikititle=Otaru.txt
    output: data/summary_wikititle=Otaru_model=t5-small_len=32.csv
    jobid: 9
    wildcards: wikititle=Otaru, model=t5-small, max_length=32
    resources: tmpdir=/var/folders/57/9xrg5s891dzfv2s_nfnbj2y40000gq/T

[Thu Dec 23 23:15:51 2021]
rule summary:
    input: data/wiki_text_wikititle=Sapporo.txt
    output: data/summary_wikititle=Sapporo_model=t5-small_len=32.csv
    jobid: 4
    wildcards: wikititle=Sapporo, model=t5-small, max_length=32
    resources: tmpdir=/var/folders/57/9xrg5s891dzfv2s_nfnbj2y40000gq/T

[Thu Dec 23 23:16:02 2021]
Error in rule summary:
    jobid: 9
    output: data/summary_wikititle=Otaru_model=t5-small_len=32.csv

RuleException:
CalledProcessError in line 56 of /Users/skojaku-admin/program/code/jp-how-to-use-snakemake/Snakemake応用編2(改)/Snakefile:
Command 'set -euo pipefail;  /Users/skojaku-admin/opt/anaconda3/envs/blog/bin/python3.7 '/Users/skojaku-admin/program/code/jp-how-to-use-snakemake/Snakemake応用編2(改)/.snakemake/scripts/tmpw36d13_u.summarize.py'' returned non-zero exit status 1.
  File "/Users/skojaku-admin/program/code/jp-how-to-use-snakemake/Snakemake応用編2(改)/Snakefile", line 56, in __rule_summary
  File "/Users/skojaku-admin/opt/anaconda3/envs/blog/lib/python3.7/concurrent/futures/thread.py", line 57, in run
[Thu Dec 23 23:16:02 2021]
Error in rule summary:
    jobid: 4
    output: data/summary_wikititle=Sapporo_model=t5-small_len=32.csv

RuleException:
CalledProcessError in line 56 of /Users/skojaku-admin/program/code/jp-how-to-use-snakemake/Snakemake応用編2(改)/Snakefile:
Command 'set -euo pipefail;  /Users/skojaku-admin/opt/anaconda3/envs/blog/bin/python3.7 '/Users/skojaku-admin/program/code/jp-how-to-use-snakemake/Snakemake応用編2(改)/.snakemake/scripts/tmpb7do8bq4.summarize.py'' returned non-zero exit status 1.
  File "/Users/skojaku-admin/program/code/jp-how-to-use-snakemake/Snakemake応用編2(改)/Snakefile", line 56, in __rule_summary
  File "/Users/skojaku-admin/opt/anaconda3/envs/blog/lib/python3.7/concurrent/futures/thread.py", line 57, in run
[Thu Dec 23 23:16:03 2021]
Error in rule summary:
    jobid: 5
    output: data/summary_wikititle=Sapporo_model=t5-small_len=64.csv

RuleException:
CalledProcessError in line 56 of /Users/skojaku-admin/program/code/jp-how-to-use-snakemake/Snakemake応用編2(改)/Snakefile:
Command 'set -euo pipefail;  /Users/skojaku-admin/opt/anaconda3/envs/blog/bin/python3.7 '/Users/skojaku-admin/program/code/jp-how-to-use-snakemake/Snakemake応用編2(改)/.snakemake/scripts/tmp4sgi015i.summarize.py'' returned non-zero exit status 1.
  File "/Users/skojaku-admin/program/code/jp-how-to-use-snakemake/Snakemake応用編2(改)/Snakefile", line 56, in __rule_summary
  File "/Users/skojaku-admin/opt/anaconda3/envs/blog/lib/python3.7/concurrent/futures/thread.py", line 57, in run
[Thu Dec 23 23:16:07 2021]
Error in rule summary:
    jobid: 1
    output: data/summary_wikititle=Sapporo_model=t5-base_len=32.csv

RuleException:
CalledProcessError in line 56 of /Users/skojaku-admin/program/code/jp-how-to-use-snakemake/Snakemake応用編2(改)/Snakefile:
Command 'set -euo pipefail;  /Users/skojaku-admin/opt/anaconda3/envs/blog/bin/python3.7 '/Users/skojaku-admin/program/code/jp-how-to-use-snakemake/Snakemake応用編2(改)/.snakemake/scripts/tmpdg9idb0u.summarize.py'' returned non-zero exit status 1.
  File "/Users/skojaku-admin/program/code/jp-how-to-use-snakemake/Snakemake応用編2(改)/Snakefile", line 56, in __rule_summary
  File "/Users/skojaku-admin/opt/anaconda3/envs/blog/lib/python3.7/concurrent/futures/thread.py", line 57, in run
Terminating processes on user request, this might take some time.
[Thu Dec 23 23:16:10 2021]
Error in rule summary:
    jobid: 3
    output: data/summary_wikititle=Sapporo_model=t5-base_len=64.csv

RuleException:
CalledProcessError in line 56 of /Users/skojaku-admin/program/code/jp-how-to-use-snakemake/Snakemake応用編2(改)/Snakefile:
Command 'set -euo pipefail;  /Users/skojaku-admin/opt/anaconda3/envs/blog/bin/python3.7 '/Users/skojaku-admin/program/code/jp-how-to-use-snakemake/Snakemake応用編2(改)/.snakemake/scripts/tmpa8d0oiim.summarize.py'' returned non-zero exit status 1.
  File "/Users/skojaku-admin/program/code/jp-how-to-use-snakemake/Snakemake応用編2(改)/Snakefile", line 56, in __rule_summary
  File "/Users/skojaku-admin/opt/anaconda3/envs/blog/lib/python3.7/concurrent/futures/thread.py", line 57, in run
Complete log: /Users/skojaku-admin/program/code/jp-how-to-use-snakemake/Snakemake応用編2(改)/.snakemake/log/2021-12-23T231550.992851.snakemake.log
