Building DAG of jobs...
Using shell: /usr/local/bin/bash
Provided cores: 5
Rules claiming more threads will be scaled down.
Job stats:
job        count    min threads    max threads
-------  -------  -------------  -------------
all            1              1              1
summary        8              1              1
total          9              1              1

Select jobs to execute...

[Thu Dec 23 23:16:12 2021]
rule summary:
    input: data/wiki_text_wikititle=Sapporo.txt
    output: data/summary_wikititle=Sapporo_model=t5-base_len=32.csv
    jobid: 1
    wildcards: wikititle=Sapporo, model=t5-base, max_length=32
    resources: tmpdir=/var/folders/57/9xrg5s891dzfv2s_nfnbj2y40000gq/T

[Thu Dec 23 23:16:12 2021]
rule summary:
    input: data/wiki_text_wikititle=Sapporo.txt
    output: data/summary_wikititle=Sapporo_model=t5-base_len=64.csv
    jobid: 3
    wildcards: wikititle=Sapporo, model=t5-base, max_length=64
    resources: tmpdir=/var/folders/57/9xrg5s891dzfv2s_nfnbj2y40000gq/T

[Thu Dec 23 23:16:12 2021]
rule summary:
    input: data/wiki_text_wikititle=Sapporo.txt
    output: data/summary_wikititle=Sapporo_model=t5-small_len=64.csv
    jobid: 5
    wildcards: wikititle=Sapporo, model=t5-small, max_length=64
    resources: tmpdir=/var/folders/57/9xrg5s891dzfv2s_nfnbj2y40000gq/T

[Thu Dec 23 23:16:12 2021]
rule summary:
    input: data/wiki_text_wikititle=Otaru.txt
    output: data/summary_wikititle=Otaru_model=t5-small_len=32.csv
    jobid: 9
    wildcards: wikititle=Otaru, model=t5-small, max_length=32
    resources: tmpdir=/var/folders/57/9xrg5s891dzfv2s_nfnbj2y40000gq/T

[Thu Dec 23 23:16:12 2021]
rule summary:
    input: data/wiki_text_wikititle=Sapporo.txt
    output: data/summary_wikititle=Sapporo_model=t5-small_len=32.csv
    jobid: 4
    wildcards: wikititle=Sapporo, model=t5-small, max_length=32
    resources: tmpdir=/var/folders/57/9xrg5s891dzfv2s_nfnbj2y40000gq/T

[Thu Dec 23 23:16:26 2021]
Finished job 4.
1 of 9 steps (11%) done
Select jobs to execute...

[Thu Dec 23 23:16:26 2021]
rule summary:
    input: data/wiki_text_wikititle=Otaru.txt
    output: data/summary_wikititle=Otaru_model=t5-small_len=64.csv
    jobid: 10
    wildcards: wikititle=Otaru, model=t5-small, max_length=64
    resources: tmpdir=/var/folders/57/9xrg5s891dzfv2s_nfnbj2y40000gq/T

[Thu Dec 23 23:16:26 2021]
Finished job 9.
2 of 9 steps (22%) done
Select jobs to execute...

[Thu Dec 23 23:16:26 2021]
rule summary:
    input: data/wiki_text_wikititle=Otaru.txt
    output: data/summary_wikititle=Otaru_model=t5-base_len=32.csv
    jobid: 6
    wildcards: wikititle=Otaru, model=t5-base, max_length=32
    resources: tmpdir=/var/folders/57/9xrg5s891dzfv2s_nfnbj2y40000gq/T

[Thu Dec 23 23:16:26 2021]
Finished job 5.
3 of 9 steps (33%) done
Select jobs to execute...

[Thu Dec 23 23:16:26 2021]
rule summary:
    input: data/wiki_text_wikititle=Otaru.txt
    output: data/summary_wikititle=Otaru_model=t5-base_len=64.csv
    jobid: 8
    wildcards: wikititle=Otaru, model=t5-base, max_length=64
    resources: tmpdir=/var/folders/57/9xrg5s891dzfv2s_nfnbj2y40000gq/T

[Thu Dec 23 23:16:33 2021]
Finished job 1.
4 of 9 steps (44%) done
[Thu Dec 23 23:16:39 2021]
Finished job 3.
5 of 9 steps (56%) done
[Thu Dec 23 23:16:43 2021]
Finished job 10.
6 of 9 steps (67%) done
[Thu Dec 23 23:16:48 2021]
Finished job 6.
7 of 9 steps (78%) done
[Thu Dec 23 23:16:50 2021]
Finished job 8.
8 of 9 steps (89%) done
Select jobs to execute...

[Thu Dec 23 23:16:50 2021]
localrule all:
    input: data/summary_wikititle=Sapporo_model=t5-base_len=32.csv, data/summary_wikititle=Sapporo_model=t5-base_len=64.csv, data/summary_wikititle=Sapporo_model=t5-small_len=32.csv, data/summary_wikititle=Sapporo_model=t5-small_len=64.csv, data/summary_wikititle=Otaru_model=t5-base_len=32.csv, data/summary_wikititle=Otaru_model=t5-base_len=64.csv, data/summary_wikititle=Otaru_model=t5-small_len=32.csv, data/summary_wikititle=Otaru_model=t5-small_len=64.csv
    jobid: 0
    resources: tmpdir=/var/folders/57/9xrg5s891dzfv2s_nfnbj2y40000gq/T

[Thu Dec 23 23:16:50 2021]
Finished job 0.
9 of 9 steps (100%) done
Complete log: /Users/skojaku-admin/program/code/jp-how-to-use-snakemake/Snakemake応用編2(改)/.snakemake/log/2021-12-23T231612.346939.snakemake.log
