Building DAG of jobs...
Using shell: /usr/local/bin/bash
Provided cores: 6
Rules claiming more threads will be scaled down.
Job stats:
job                   count    min threads    max threads
------------------  -------  -------------  -------------
all                       1              1              1
plot_word_count           6              1              1
retrieve_wiki_text        6              1              1
word_count                6              1              1
total                    19              1              1

Select jobs to execute...

[Wed Dec 22 23:53:47 2021]
rule retrieve_wiki_text:
    output: wikititle/wiki_text_wikititle=Shiretoko_Peninsula.txt
    jobid: 18
    wildcards: wikititle=Shiretoko_Peninsula
    resources: tmpdir=/var/folders/57/9xrg5s891dzfv2s_nfnbj2y40000gq/T


[Wed Dec 22 23:53:47 2021]
rule retrieve_wiki_text:
    output: wikititle/wiki_text_wikititle=Otaru.txt
    jobid: 6
    wildcards: wikititle=Otaru
    resources: tmpdir=/var/folders/57/9xrg5s891dzfv2s_nfnbj2y40000gq/T


[Wed Dec 22 23:53:47 2021]
rule retrieve_wiki_text:
    output: wikititle/wiki_text_wikititle=Hakodate.txt
    jobid: 9
    wildcards: wikititle=Hakodate
    resources: tmpdir=/var/folders/57/9xrg5s891dzfv2s_nfnbj2y40000gq/T


[Wed Dec 22 23:53:47 2021]
rule retrieve_wiki_text:
    output: wikititle/wiki_text_wikititle=Kushiro.txt
    jobid: 15
    wildcards: wikititle=Kushiro
    resources: tmpdir=/var/folders/57/9xrg5s891dzfv2s_nfnbj2y40000gq/T


[Wed Dec 22 23:53:47 2021]
rule retrieve_wiki_text:
    output: wikititle/wiki_text_wikititle=Sapporo.txt
    jobid: 3
    wildcards: wikititle=Sapporo
    resources: tmpdir=/var/folders/57/9xrg5s891dzfv2s_nfnbj2y40000gq/T


[Wed Dec 22 23:53:47 2021]
rule retrieve_wiki_text:
    output: wikititle/wiki_text_wikititle=Asahikawa.txt
    jobid: 12
    wildcards: wikititle=Asahikawa
    resources: tmpdir=/var/folders/57/9xrg5s891dzfv2s_nfnbj2y40000gq/T

[Wed Dec 22 23:53:48 2021]
Finished job 3.
1 of 19 steps (5%) done
Select jobs to execute...

[Wed Dec 22 23:53:48 2021]
rule word_count:
    input: wikititle/wiki_text_wikititle=Sapporo.txt
    output: wikititle/word_count_wikititle=Sapporo.csv
    jobid: 2
    wildcards: wikititle=Sapporo
    resources: tmpdir=/var/folders/57/9xrg5s891dzfv2s_nfnbj2y40000gq/T

[Wed Dec 22 23:53:48 2021]
Finished job 18.
2 of 19 steps (11%) done
Select jobs to execute...

[Wed Dec 22 23:53:48 2021]
rule word_count:
    input: wikititle/wiki_text_wikititle=Shiretoko_Peninsula.txt
    output: wikititle/word_count_wikititle=Shiretoko_Peninsula.csv
    jobid: 17
    wildcards: wikititle=Shiretoko_Peninsula
    resources: tmpdir=/var/folders/57/9xrg5s891dzfv2s_nfnbj2y40000gq/T

[Wed Dec 22 23:53:48 2021]
Finished job 12.
3 of 19 steps (16%) done
[Wed Dec 22 23:53:48 2021]
Finished job 9.
4 of 19 steps (21%) done
[Wed Dec 22 23:53:48 2021]
Finished job 15.
5 of 19 steps (26%) done
Select jobs to execute...

[Wed Dec 22 23:53:48 2021]
rule word_count:
    input: wikititle/wiki_text_wikititle=Asahikawa.txt
    output: wikititle/word_count_wikititle=Asahikawa.csv
    jobid: 11
    wildcards: wikititle=Asahikawa
    resources: tmpdir=/var/folders/57/9xrg5s891dzfv2s_nfnbj2y40000gq/T


[Wed Dec 22 23:53:48 2021]
rule word_count:
    input: wikititle/wiki_text_wikititle=Kushiro.txt
    output: wikititle/word_count_wikititle=Kushiro.csv
    jobid: 14
    wildcards: wikititle=Kushiro
    resources: tmpdir=/var/folders/57/9xrg5s891dzfv2s_nfnbj2y40000gq/T


[Wed Dec 22 23:53:48 2021]
rule word_count:
    input: wikititle/wiki_text_wikititle=Hakodate.txt
    output: wikititle/word_count_wikititle=Hakodate.csv
    jobid: 8
    wildcards: wikititle=Hakodate
    resources: tmpdir=/var/folders/57/9xrg5s891dzfv2s_nfnbj2y40000gq/T

[Wed Dec 22 23:53:48 2021]
Finished job 6.
6 of 19 steps (32%) done
Select jobs to execute...

[Wed Dec 22 23:53:48 2021]
rule word_count:
    input: wikititle/wiki_text_wikititle=Otaru.txt
    output: wikititle/word_count_wikititle=Otaru.csv
    jobid: 5
    wildcards: wikititle=Otaru
    resources: tmpdir=/var/folders/57/9xrg5s891dzfv2s_nfnbj2y40000gq/T

[Wed Dec 22 23:53:49 2021]
Finished job 14.
7 of 19 steps (37%) done
[Wed Dec 22 23:53:49 2021]
Finished job 17.
8 of 19 steps (42%) done
[Wed Dec 22 23:53:49 2021]
Finished job 8.
9 of 19 steps (47%) done
Select jobs to execute...

[Wed Dec 22 23:53:49 2021]
rule plot_word_count:
    input: wikititle/word_count_wikititle=Kushiro.csv
    output: figs/word_count_wikititle=Kushiro.pdf
    jobid: 13
    wildcards: wikititle=Kushiro
    resources: tmpdir=/var/folders/57/9xrg5s891dzfv2s_nfnbj2y40000gq/T


[Wed Dec 22 23:53:49 2021]
rule plot_word_count:
    input: wikititle/word_count_wikititle=Hakodate.csv
    output: figs/word_count_wikititle=Hakodate.pdf
    jobid: 7
    wildcards: wikititle=Hakodate
    resources: tmpdir=/var/folders/57/9xrg5s891dzfv2s_nfnbj2y40000gq/T


[Wed Dec 22 23:53:49 2021]
rule plot_word_count:
    input: wikititle/word_count_wikititle=Shiretoko_Peninsula.csv
    output: figs/word_count_wikititle=Shiretoko_Peninsula.pdf
    jobid: 16
    wildcards: wikititle=Shiretoko_Peninsula
    resources: tmpdir=/var/folders/57/9xrg5s891dzfv2s_nfnbj2y40000gq/T

[Wed Dec 22 23:53:49 2021]
Finished job 2.
10 of 19 steps (53%) done
[Wed Dec 22 23:53:49 2021]
Finished job 11.
11 of 19 steps (58%) done
[Wed Dec 22 23:53:49 2021]
Finished job 5.
12 of 19 steps (63%) done
Select jobs to execute...

[Wed Dec 22 23:53:49 2021]
rule plot_word_count:
    input: wikititle/word_count_wikititle=Asahikawa.csv
    output: figs/word_count_wikititle=Asahikawa.pdf
    jobid: 10
    wildcards: wikititle=Asahikawa
    resources: tmpdir=/var/folders/57/9xrg5s891dzfv2s_nfnbj2y40000gq/T


[Wed Dec 22 23:53:49 2021]
rule plot_word_count:
    input: wikititle/word_count_wikititle=Sapporo.csv
    output: figs/word_count_wikititle=Sapporo.pdf
    jobid: 1
    wildcards: wikititle=Sapporo
    resources: tmpdir=/var/folders/57/9xrg5s891dzfv2s_nfnbj2y40000gq/T


[Wed Dec 22 23:53:49 2021]
rule plot_word_count:
    input: wikititle/word_count_wikititle=Otaru.csv
    output: figs/word_count_wikititle=Otaru.pdf
    jobid: 4
    wildcards: wikititle=Otaru
    resources: tmpdir=/var/folders/57/9xrg5s891dzfv2s_nfnbj2y40000gq/T

[Wed Dec 22 23:53:52 2021]
Finished job 13.
13 of 19 steps (68%) done
[Wed Dec 22 23:53:52 2021]
Finished job 10.
14 of 19 steps (74%) done
[Wed Dec 22 23:53:52 2021]
Finished job 4.
15 of 19 steps (79%) done
[Wed Dec 22 23:53:52 2021]
Finished job 16.
16 of 19 steps (84%) done
[Wed Dec 22 23:53:52 2021]
Finished job 7.
17 of 19 steps (89%) done
[Wed Dec 22 23:53:52 2021]
Finished job 1.
18 of 19 steps (95%) done
Select jobs to execute...

[Wed Dec 22 23:53:52 2021]
localrule all:
    input: figs/word_count_wikititle=Sapporo.pdf, figs/word_count_wikititle=Otaru.pdf, figs/word_count_wikititle=Hakodate.pdf, figs/word_count_wikititle=Asahikawa.pdf, figs/word_count_wikititle=Kushiro.pdf, figs/word_count_wikititle=Shiretoko_Peninsula.pdf
    jobid: 0
    resources: tmpdir=/var/folders/57/9xrg5s891dzfv2s_nfnbj2y40000gq/T

[Wed Dec 22 23:53:52 2021]
Finished job 0.
19 of 19 steps (100%) done
Complete log: /Users/skojaku-admin/program/code/jp-how-to-use-snakemake/Snakemake応用編1/.snakemake/log/2021-12-22T235347.168617.snakemake.log
