Building DAG of jobs...
Using shell: /usr/local/bin/bash
Provided cores: 5
Rules claiming more threads will be scaled down.
Job stats:
job                   count    min threads    max threads
------------------  -------  -------------  -------------
all                       1              1              1
retrieve_wiki_text        2              1              1
summary                   8              1              1
total                    11              1              1

Select jobs to execute...

[Thu Dec 23 23:15:18 2021]
rule retrieve_wiki_text:
    output: data/wiki_text_wikititle=Otaru.txt
    jobid: 7
    wildcards: wikititle=Otaru
    resources: tmpdir=/var/folders/57/9xrg5s891dzfv2s_nfnbj2y40000gq/T

[Thu Dec 23 23:15:18 2021]
rule retrieve_wiki_text:
    output: data/wiki_text_wikititle=Sapporo.txt
    jobid: 2
    wildcards: wikititle=Sapporo
    resources: tmpdir=/var/folders/57/9xrg5s891dzfv2s_nfnbj2y40000gq/T

[Thu Dec 23 23:15:19 2021]
Finished job 7.
1 of 11 steps (9%) done
Select jobs to execute...

[Thu Dec 23 23:15:19 2021]
rule summary:
    input: data/wiki_text_wikititle=Otaru.txt
    output: data/summary_wikititle=Otaru_model=t5-base_len=32.csv
    jobid: 6
    wildcards: wikititle=Otaru, model=t5-base, max_length=32
    resources: tmpdir=/var/folders/57/9xrg5s891dzfv2s_nfnbj2y40000gq/T

[Thu Dec 23 23:15:19 2021]
rule summary:
    input: data/wiki_text_wikititle=Otaru.txt
    output: data/summary_wikititle=Otaru_model=t5-base_len=64.csv
    jobid: 8
    wildcards: wikititle=Otaru, model=t5-base, max_length=64
    resources: tmpdir=/var/folders/57/9xrg5s891dzfv2s_nfnbj2y40000gq/T


[Thu Dec 23 23:15:19 2021]
rule summary:
    input: data/wiki_text_wikititle=Otaru.txt
    output: data/summary_wikititle=Otaru_model=t5-small_len=32.csv
    jobid: 9
    wildcards: wikititle=Otaru, model=t5-small, max_length=32
    resources: tmpdir=/var/folders/57/9xrg5s891dzfv2s_nfnbj2y40000gq/T

[Thu Dec 23 23:15:19 2021]
rule summary:
    input: data/wiki_text_wikititle=Otaru.txt
    output: data/summary_wikititle=Otaru_model=t5-small_len=64.csv
    jobid: 10
    wildcards: wikititle=Otaru, model=t5-small, max_length=64
    resources: tmpdir=/var/folders/57/9xrg5s891dzfv2s_nfnbj2y40000gq/T

[Thu Dec 23 23:15:19 2021]
Finished job 2.
2 of 11 steps (18%) done
Select jobs to execute...

[Thu Dec 23 23:15:19 2021]
rule summary:
    input: data/wiki_text_wikititle=Sapporo.txt
    output: data/summary_wikititle=Sapporo_model=t5-base_len=64.csv
    jobid: 3
    wildcards: wikititle=Sapporo, model=t5-base, max_length=64
    resources: tmpdir=/var/folders/57/9xrg5s891dzfv2s_nfnbj2y40000gq/T

[Thu Dec 23 23:15:30 2021]
Error in rule summary:
    jobid: 9
    output: data/summary_wikititle=Otaru_model=t5-small_len=32.csv

RuleException:
CalledProcessError in line 56 of /Users/skojaku-admin/program/code/jp-how-to-use-snakemake/Snakemake応用編2(改)/Snakefile:
Command 'set -euo pipefail;  /Users/skojaku-admin/opt/anaconda3/envs/blog/bin/python3.7 '/Users/skojaku-admin/program/code/jp-how-to-use-snakemake/Snakemake応用編2(改)/.snakemake/scripts/tmpkpp0hnn_.summarize.py'' returned non-zero exit status 1.
  File "/Users/skojaku-admin/program/code/jp-how-to-use-snakemake/Snakemake応用編2(改)/Snakefile", line 56, in __rule_summary
  File "/Users/skojaku-admin/opt/anaconda3/envs/blog/lib/python3.7/concurrent/futures/thread.py", line 57, in run
[Thu Dec 23 23:15:30 2021]
Error in rule summary:
    jobid: 10
    output: data/summary_wikititle=Otaru_model=t5-small_len=64.csv

RuleException:
CalledProcessError in line 56 of /Users/skojaku-admin/program/code/jp-how-to-use-snakemake/Snakemake応用編2(改)/Snakefile:
Command 'set -euo pipefail;  /Users/skojaku-admin/opt/anaconda3/envs/blog/bin/python3.7 '/Users/skojaku-admin/program/code/jp-how-to-use-snakemake/Snakemake応用編2(改)/.snakemake/scripts/tmp4l8m2ei4.summarize.py'' returned non-zero exit status 1.
  File "/Users/skojaku-admin/program/code/jp-how-to-use-snakemake/Snakemake応用編2(改)/Snakefile", line 56, in __rule_summary
  File "/Users/skojaku-admin/opt/anaconda3/envs/blog/lib/python3.7/concurrent/futures/thread.py", line 57, in run
[Thu Dec 23 23:15:35 2021]
Error in rule summary:
    jobid: 6
    output: data/summary_wikititle=Otaru_model=t5-base_len=32.csv

RuleException:
CalledProcessError in line 56 of /Users/skojaku-admin/program/code/jp-how-to-use-snakemake/Snakemake応用編2(改)/Snakefile:
Command 'set -euo pipefail;  /Users/skojaku-admin/opt/anaconda3/envs/blog/bin/python3.7 '/Users/skojaku-admin/program/code/jp-how-to-use-snakemake/Snakemake応用編2(改)/.snakemake/scripts/tmpjvhib0ff.summarize.py'' returned non-zero exit status 1.
  File "/Users/skojaku-admin/program/code/jp-how-to-use-snakemake/Snakemake応用編2(改)/Snakefile", line 56, in __rule_summary
  File "/Users/skojaku-admin/opt/anaconda3/envs/blog/lib/python3.7/concurrent/futures/thread.py", line 57, in run
[Thu Dec 23 23:15:35 2021]
Error in rule summary:
    jobid: 3
    output: data/summary_wikititle=Sapporo_model=t5-base_len=64.csv

RuleException:
CalledProcessError in line 56 of /Users/skojaku-admin/program/code/jp-how-to-use-snakemake/Snakemake応用編2(改)/Snakefile:
Command 'set -euo pipefail;  /Users/skojaku-admin/opt/anaconda3/envs/blog/bin/python3.7 '/Users/skojaku-admin/program/code/jp-how-to-use-snakemake/Snakemake応用編2(改)/.snakemake/scripts/tmpipdmn72s.summarize.py'' returned non-zero exit status 1.
  File "/Users/skojaku-admin/program/code/jp-how-to-use-snakemake/Snakemake応用編2(改)/Snakefile", line 56, in __rule_summary
  File "/Users/skojaku-admin/opt/anaconda3/envs/blog/lib/python3.7/concurrent/futures/thread.py", line 57, in run
[Thu Dec 23 23:15:36 2021]
Error in rule summary:
    jobid: 8
    output: data/summary_wikititle=Otaru_model=t5-base_len=64.csv

RuleException:
CalledProcessError in line 56 of /Users/skojaku-admin/program/code/jp-how-to-use-snakemake/Snakemake応用編2(改)/Snakefile:
Command 'set -euo pipefail;  /Users/skojaku-admin/opt/anaconda3/envs/blog/bin/python3.7 '/Users/skojaku-admin/program/code/jp-how-to-use-snakemake/Snakemake応用編2(改)/.snakemake/scripts/tmpgfwus2nm.summarize.py'' returned non-zero exit status 1.
  File "/Users/skojaku-admin/program/code/jp-how-to-use-snakemake/Snakemake応用編2(改)/Snakefile", line 56, in __rule_summary
  File "/Users/skojaku-admin/opt/anaconda3/envs/blog/lib/python3.7/concurrent/futures/thread.py", line 57, in run
Shutting down, this might take some time.
Exiting because a job execution failed. Look above for error message
Complete log: /Users/skojaku-admin/program/code/jp-how-to-use-snakemake/Snakemake応用編2(改)/.snakemake/log/2021-12-23T231518.053548.snakemake.log
