Building DAG of jobs...
Using shell: /usr/local/bin/bash
Provided cores: 1 (use --cores to define parallelism)
Rules claiming more threads will be scaled down.
Job stats:
job                   count    min threads    max threads
------------------  -------  -------------  -------------
all                       1              1              1
plot_word_count           1              1              1
retrieve_wiki_text        1              1              1
word_count                1              1              1
total                     4              1              1

Select jobs to execute...

[Mon Dec 20 23:59:25 2021]
rule retrieve_wiki_text:
    output: data/wiki_text.txt
    jobid: 3
    resources: tmpdir=/var/folders/57/9xrg5s891dzfv2s_nfnbj2y40000gq/T

[Mon Dec 20 23:59:26 2021]
Finished job 3.
1 of 4 steps (25%) done
Select jobs to execute...

[Mon Dec 20 23:59:26 2021]
rule word_count:
    input: data/wiki_text.txt
    output: data/word_count.csv
    jobid: 2
    resources: tmpdir=/var/folders/57/9xrg5s891dzfv2s_nfnbj2y40000gq/T

[Mon Dec 20 23:59:26 2021]
Finished job 2.
2 of 4 steps (50%) done
Select jobs to execute...

[Mon Dec 20 23:59:26 2021]
rule plot_word_count:
    input: data/word_count.csv
    output: figs/word_count.pdf
    jobid: 1
    resources: tmpdir=/var/folders/57/9xrg5s891dzfv2s_nfnbj2y40000gq/T

[Mon Dec 20 23:59:26 2021]
Error in rule plot_word_count:
    jobid: 1
    output: figs/word_count.pdf
    shell:
        python workflow/plot-word-frequency data/word_count.csv figs/word_count.pdf
        (one of the commands exited with non-zero exit code; note that snakemake uses bash strict mode!)

Shutting down, this might take some time.
Exiting because a job execution failed. Look above for error message
Complete log: /Users/skojaku-admin/program/code/jp-how-to-use-snakemake/.snakemake/log/2021-12-20T235925.201509.snakemake.log
