Building DAG of jobs...
Using shell: /usr/local/bin/bash
Provided cores: 5
Rules claiming more threads will be scaled down.
Job stats:
job                count    min threads    max threads
---------------  -------  -------------  -------------
all                    1              1              1
plot_word_count        6              1              1
total                  7              1              1

Select jobs to execute...

[Wed Dec 22 22:14:15 2021]
rule plot_word_count:
    input: data/word_count_data=Otaru.csv
    output: figs/word_count_data=Otaru.pdf
    jobid: 4
    wildcards: data=Otaru
    resources: tmpdir=/var/folders/57/9xrg5s891dzfv2s_nfnbj2y40000gq/T


[Wed Dec 22 22:14:15 2021]
rule plot_word_count:
    input: data/word_count_data=Hakodate.csv
    output: figs/word_count_data=Hakodate.pdf
    jobid: 7
    wildcards: data=Hakodate
    resources: tmpdir=/var/folders/57/9xrg5s891dzfv2s_nfnbj2y40000gq/T


[Wed Dec 22 22:14:15 2021]
rule plot_word_count:
    input: data/word_count_data=Kushiro.csv
    output: figs/word_count_data=Kushiro.pdf
    jobid: 13
    wildcards: data=Kushiro
    resources: tmpdir=/var/folders/57/9xrg5s891dzfv2s_nfnbj2y40000gq/T


[Wed Dec 22 22:14:15 2021]
rule plot_word_count:
    input: data/word_count_data=Sapporo.csv
    output: figs/word_count_data=Sapporo.pdf
    jobid: 1
    wildcards: data=Sapporo
    resources: tmpdir=/var/folders/57/9xrg5s891dzfv2s_nfnbj2y40000gq/T


[Wed Dec 22 22:14:15 2021]
rule plot_word_count:
    input: data/word_count_data=Asahikawa.csv
    output: figs/word_count_data=Asahikawa.pdf
    jobid: 10
    wildcards: data=Asahikawa
    resources: tmpdir=/var/folders/57/9xrg5s891dzfv2s_nfnbj2y40000gq/T

[Wed Dec 22 22:14:18 2021]
Finished job 13.
1 of 7 steps (14%) done
[Wed Dec 22 22:14:18 2021]
Finished job 7.
2 of 7 steps (29%) done
Select jobs to execute...

[Wed Dec 22 22:14:18 2021]
rule plot_word_count:
    input: data/word_count_data=Shiretoko_Peninsula.csv
    output: figs/word_count_data=Shiretoko_Peninsula.pdf
    jobid: 16
    wildcards: data=Shiretoko_Peninsula
    resources: tmpdir=/var/folders/57/9xrg5s891dzfv2s_nfnbj2y40000gq/T

[Wed Dec 22 22:14:18 2021]
Finished job 4.
3 of 7 steps (43%) done
[Wed Dec 22 22:14:18 2021]
Finished job 1.
4 of 7 steps (57%) done
[Wed Dec 22 22:14:18 2021]
Finished job 10.
5 of 7 steps (71%) done
[Wed Dec 22 22:14:21 2021]
Finished job 16.
6 of 7 steps (86%) done
Select jobs to execute...

[Wed Dec 22 22:14:21 2021]
localrule all:
    input: figs/word_count_data=Sapporo.pdf, figs/word_count_data=Otaru.pdf, figs/word_count_data=Hakodate.pdf, figs/word_count_data=Asahikawa.pdf, figs/word_count_data=Kushiro.pdf, figs/word_count_data=Shiretoko_Peninsula.pdf
    jobid: 0
    resources: tmpdir=/var/folders/57/9xrg5s891dzfv2s_nfnbj2y40000gq/T

[Wed Dec 22 22:14:21 2021]
Finished job 0.
7 of 7 steps (100%) done
Complete log: /Users/skojaku-admin/program/code/jp-how-to-use-snakemake/Snakemake応用編1/.snakemake/log/2021-12-22T221415.404066.snakemake.log
