Building DAG of jobs...
Using shell: /usr/local/bin/bash
Provided cores: 2
Rules claiming more threads will be scaled down.
Job stats:
job                   count    min threads    max threads
------------------  -------  -------------  -------------
all                       1              1              1
retrieve_wiki_text        6              1              1
summary                  36              1              1
total                    43              1              1

Select jobs to execute...

[Thu Dec 23 22:08:41 2021]
rule retrieve_wiki_text:
    output: data/wiki_text_wikititle=Kushiro.txt
    jobid: 30
    wildcards: wikititle=Kushiro
    resources: tmpdir=/var/folders/57/9xrg5s891dzfv2s_nfnbj2y40000gq/T


[Thu Dec 23 22:08:41 2021]
rule retrieve_wiki_text:
    output: data/wiki_text_wikititle=Sapporo.txt
    jobid: 2
    wildcards: wikititle=Sapporo
    resources: tmpdir=/var/folders/57/9xrg5s891dzfv2s_nfnbj2y40000gq/T

[Thu Dec 23 22:08:42 2021]
Finished job 30.
1 of 43 steps (2%) done
[Thu Dec 23 22:08:42 2021]
Finished job 2.
2 of 43 steps (5%) done
Select jobs to execute...

[Thu Dec 23 22:08:42 2021]
rule summary:
    input: data/wiki_text_wikititle=Kushiro.txt
    output: data/summary_wikititle=Kushiro_model=t5-base_len=32.csv
    jobid: 29
    wildcards: wikititle=Kushiro, model=t5-base, max_length=32
    resources: tmpdir=/var/folders/57/9xrg5s891dzfv2s_nfnbj2y40000gq/T


[Thu Dec 23 22:08:42 2021]
rule summary:
    input: data/wiki_text_wikititle=Sapporo.txt
    output: data/summary_wikititle=Sapporo_model=t5-base_len=32.csv
    jobid: 1
    wildcards: wikititle=Sapporo, model=t5-base, max_length=32
    resources: tmpdir=/var/folders/57/9xrg5s891dzfv2s_nfnbj2y40000gq/T

Select jobs to execute...
[Thu Dec 23 22:08:58 2021]
Finished job 1.
3 of 43 steps (7%) done

[Thu Dec 23 22:08:59 2021]
rule summary:
    input: data/wiki_text_wikititle=Kushiro.txt
    output: data/summary_wikititle=Kushiro_model=t5-small_len=128.csv
    jobid: 33
    wildcards: wikititle=Kushiro, model=t5-small, max_length=128
    resources: tmpdir=/var/folders/57/9xrg5s891dzfv2s_nfnbj2y40000gq/T

[Thu Dec 23 22:08:59 2021]
Finished job 29.
4 of 43 steps (9%) done
Select jobs to execute...

[Thu Dec 23 22:08:59 2021]
rule summary:
    input: data/wiki_text_wikititle=Sapporo.txt
    output: data/summary_wikititle=Sapporo_model=t5-small_len=128.csv
    jobid: 5
    wildcards: wikititle=Sapporo, model=t5-small, max_length=128
    resources: tmpdir=/var/folders/57/9xrg5s891dzfv2s_nfnbj2y40000gq/T

[Thu Dec 23 22:09:08 2021]
Finished job 5.
5 of 43 steps (12%) done
Select jobs to execute...

[Thu Dec 23 22:09:08 2021]
rule retrieve_wiki_text:
    output: data/wiki_text_wikititle=Otaru.txt
    jobid: 9
    wildcards: wikititle=Otaru
    resources: tmpdir=/var/folders/57/9xrg5s891dzfv2s_nfnbj2y40000gq/T

[Thu Dec 23 22:09:09 2021]
Finished job 9.
6 of 43 steps (14%) done
Select jobs to execute...

[Thu Dec 23 22:09:09 2021]
rule summary:
    input: data/wiki_text_wikititle=Otaru.txt
    output: data/summary_wikititle=Otaru_model=t5-small_len=128.csv
    jobid: 12
    wildcards: wikititle=Otaru, model=t5-small, max_length=128
    resources: tmpdir=/var/folders/57/9xrg5s891dzfv2s_nfnbj2y40000gq/T

[Thu Dec 23 22:09:09 2021]
Finished job 33.
7 of 43 steps (16%) done
Select jobs to execute...

[Thu Dec 23 22:09:09 2021]
rule summary:
    input: data/wiki_text_wikititle=Otaru.txt
    output: data/summary_wikititle=Otaru_model=distilbart-cnn-12-6_len=128.csv
    jobid: 14
    wildcards: wikititle=Otaru, model=distilbart-cnn-12-6, max_length=128
    resources: tmpdir=/var/folders/57/9xrg5s891dzfv2s_nfnbj2y40000gq/T

[Thu Dec 23 22:09:11 2021]
Error in rule summary:
    jobid: 14
    output: data/summary_wikititle=Otaru_model=distilbart-cnn-12-6_len=128.csv
    shell:
        python workflow/summarize.py data/wiki_text_wikititle=Otaru.txt distilbart-cnn-12-6 128 data/summary_wikititle=Otaru_model=distilbart-cnn-12-6_len=128.csv
        (one of the commands exited with non-zero exit code; note that snakemake uses bash strict mode!)

[Thu Dec 23 22:09:20 2021]
Finished job 12.
8 of 43 steps (19%) done
Shutting down, this might take some time.
Exiting because a job execution failed. Look above for error message
Complete log: /Users/skojaku-admin/program/code/jp-how-to-use-snakemake/Snakemake応用編2/.snakemake/log/2021-12-23T220841.491231.snakemake.log
