Building DAG of jobs...
Using shell: /usr/local/bin/bash
Provided cores: 2
Rules claiming more threads will be scaled down.
Job stats:
job                   count    min threads    max threads
------------------  -------  -------------  -------------
all                       1              1              1
retrieve_wiki_text        2              1              1
summary                   8              1              1
total                    11              1              1

Select jobs to execute...

[Thu Dec 23 22:24:31 2021]
rule retrieve_wiki_text:
    output: data/wiki_text_wikititle=Otaru.txt
    jobid: 7
    wildcards: wikititle=Otaru
    resources: tmpdir=/var/folders/57/9xrg5s891dzfv2s_nfnbj2y40000gq/T


[Thu Dec 23 22:24:31 2021]
rule retrieve_wiki_text:
    output: data/wiki_text_wikititle=Sapporo.txt
    jobid: 2
    wildcards: wikititle=Sapporo
    resources: tmpdir=/var/folders/57/9xrg5s891dzfv2s_nfnbj2y40000gq/T

[Thu Dec 23 22:24:31 2021]
Finished job 7.
1 of 11 steps (9%) done
Select jobs to execute...

[Thu Dec 23 22:24:31 2021]
rule summary:
    input: data/wiki_text_wikititle=Otaru.txt
    output: data/summary_wikititle=Otaru_model=t5-base_len=32.csv
    jobid: 6
    wildcards: wikititle=Otaru, model=t5-base, max_length=32
    resources: tmpdir=/var/folders/57/9xrg5s891dzfv2s_nfnbj2y40000gq/T

[Thu Dec 23 22:24:31 2021]
Finished job 2.
2 of 11 steps (18%) done
Select jobs to execute...

[Thu Dec 23 22:24:31 2021]
rule summary:
    input: data/wiki_text_wikititle=Otaru.txt
    output: data/summary_wikititle=Otaru_model=t5-small_len=32.csv
    jobid: 9
    wildcards: wikititle=Otaru, model=t5-small, max_length=32
    resources: tmpdir=/var/folders/57/9xrg5s891dzfv2s_nfnbj2y40000gq/T

[Thu Dec 23 22:24:47 2021]
Finished job 9.
3 of 11 steps (27%) done
Select jobs to execute...

[Thu Dec 23 22:24:47 2021]
rule summary:
    input: data/wiki_text_wikititle=Sapporo.txt
    output: data/summary_wikititle=Sapporo_model=t5-small_len=128.csv
    jobid: 5
    wildcards: wikititle=Sapporo, model=t5-small, max_length=128
    resources: tmpdir=/var/folders/57/9xrg5s891dzfv2s_nfnbj2y40000gq/T

[Thu Dec 23 22:24:49 2021]
Finished job 6.
4 of 11 steps (36%) done
Select jobs to execute...

[Thu Dec 23 22:24:49 2021]
rule summary:
    input: data/wiki_text_wikititle=Otaru.txt
    output: data/summary_wikititle=Otaru_model=t5-small_len=128.csv
    jobid: 10
    wildcards: wikititle=Otaru, model=t5-small, max_length=128
    resources: tmpdir=/var/folders/57/9xrg5s891dzfv2s_nfnbj2y40000gq/T

[Thu Dec 23 22:25:11 2021]
Finished job 10.
5 of 11 steps (45%) done
Select jobs to execute...

[Thu Dec 23 22:25:11 2021]
rule summary:
    input: data/wiki_text_wikititle=Sapporo.txt
    output: data/summary_wikititle=Sapporo_model=t5-small_len=32.csv
    jobid: 4
    wildcards: wikititle=Sapporo, model=t5-small, max_length=32
    resources: tmpdir=/var/folders/57/9xrg5s891dzfv2s_nfnbj2y40000gq/T

[Thu Dec 23 22:25:46 2021]
Finished job 4.
6 of 11 steps (55%) done
Select jobs to execute...

[Thu Dec 23 22:25:46 2021]
rule summary:
    input: data/wiki_text_wikititle=Sapporo.txt
    output: data/summary_wikititle=Sapporo_model=t5-base_len=128.csv
    jobid: 3
    wildcards: wikititle=Sapporo, model=t5-base, max_length=128
    resources: tmpdir=/var/folders/57/9xrg5s891dzfv2s_nfnbj2y40000gq/T

[Thu Dec 23 22:26:01 2021]
Finished job 5.
7 of 11 steps (64%) done
Select jobs to execute...

[Thu Dec 23 22:26:01 2021]
rule summary:
    input: data/wiki_text_wikititle=Sapporo.txt
    output: data/summary_wikititle=Sapporo_model=t5-base_len=32.csv
    jobid: 1
    wildcards: wikititle=Sapporo, model=t5-base, max_length=32
    resources: tmpdir=/var/folders/57/9xrg5s891dzfv2s_nfnbj2y40000gq/T

[Thu Dec 23 22:26:18 2021]
Finished job 3.
8 of 11 steps (73%) done
Select jobs to execute...

[Thu Dec 23 22:26:18 2021]
rule summary:
    input: data/wiki_text_wikititle=Otaru.txt
    output: data/summary_wikititle=Otaru_model=t5-base_len=128.csv
    jobid: 8
    wildcards: wikititle=Otaru, model=t5-base, max_length=128
    resources: tmpdir=/var/folders/57/9xrg5s891dzfv2s_nfnbj2y40000gq/T

[Thu Dec 23 22:26:24 2021]
Finished job 1.
9 of 11 steps (82%) done
[Thu Dec 23 22:26:46 2021]
Finished job 8.
10 of 11 steps (91%) done
Select jobs to execute...

[Thu Dec 23 22:26:46 2021]
localrule all:
    input: data/summary_wikititle=Sapporo_model=t5-base_len=32.csv, data/summary_wikititle=Sapporo_model=t5-base_len=128.csv, data/summary_wikititle=Sapporo_model=t5-small_len=32.csv, data/summary_wikititle=Sapporo_model=t5-small_len=128.csv, data/summary_wikititle=Otaru_model=t5-base_len=32.csv, data/summary_wikititle=Otaru_model=t5-base_len=128.csv, data/summary_wikititle=Otaru_model=t5-small_len=32.csv, data/summary_wikititle=Otaru_model=t5-small_len=128.csv
    jobid: 0
    resources: tmpdir=/var/folders/57/9xrg5s891dzfv2s_nfnbj2y40000gq/T

[Thu Dec 23 22:26:46 2021]
Finished job 0.
11 of 11 steps (100%) done
Complete log: /Users/skojaku-admin/program/code/jp-how-to-use-snakemake/Snakemake応用編2/.snakemake/log/2021-12-23T222430.982628.snakemake.log
