Building DAG of jobs...
Using shell: /usr/local/bin/bash
Provided cores: 2
Rules claiming more threads will be scaled down.
Job stats:
job                   count    min threads    max threads
------------------  -------  -------------  -------------
all                       1              1              1
retrieve_wiki_text        6              1              1
summary                  24              1              1
total                    31              1              1

Select jobs to execute...

[Thu Dec 23 22:10:24 2021]
rule retrieve_wiki_text:
    output: data/wiki_text_wikititle=Kushiro.txt
    jobid: 22
    wildcards: wikititle=Kushiro
    resources: tmpdir=/var/folders/57/9xrg5s891dzfv2s_nfnbj2y40000gq/T


[Thu Dec 23 22:10:24 2021]
rule retrieve_wiki_text:
    output: data/wiki_text_wikititle=Asahikawa.txt
    jobid: 17
    wildcards: wikititle=Asahikawa
    resources: tmpdir=/var/folders/57/9xrg5s891dzfv2s_nfnbj2y40000gq/T

[Thu Dec 23 22:10:24 2021]
Finished job 17.
1 of 31 steps (3%) done
Select jobs to execute...

[Thu Dec 23 22:10:24 2021]
rule retrieve_wiki_text:
    output: data/wiki_text_wikititle=Shiretoko_Peninsula.txt
    jobid: 27
    wildcards: wikititle=Shiretoko_Peninsula
    resources: tmpdir=/var/folders/57/9xrg5s891dzfv2s_nfnbj2y40000gq/T

[Thu Dec 23 22:10:24 2021]
Finished job 22.
2 of 31 steps (6%) done
Select jobs to execute...

[Thu Dec 23 22:10:24 2021]
rule retrieve_wiki_text:
    output: data/wiki_text_wikititle=Otaru.txt
    jobid: 7
    wildcards: wikititle=Otaru
    resources: tmpdir=/var/folders/57/9xrg5s891dzfv2s_nfnbj2y40000gq/T

[Thu Dec 23 22:10:25 2021]
Finished job 27.
3 of 31 steps (10%) done
Select jobs to execute...

[Thu Dec 23 22:10:25 2021]
rule summary:
    input: data/wiki_text_wikititle=Shiretoko_Peninsula.txt
    output: data/summary_wikititle=Shiretoko_Peninsula_model=t5-small_len=128.csv
    jobid: 30
    wildcards: wikititle=Shiretoko_Peninsula, model=t5-small, max_length=128
    resources: tmpdir=/var/folders/57/9xrg5s891dzfv2s_nfnbj2y40000gq/T

[Thu Dec 23 22:10:25 2021]
Finished job 7.
4 of 31 steps (13%) done
Select jobs to execute...

[Thu Dec 23 22:10:25 2021]
rule summary:
    input: data/wiki_text_wikititle=Shiretoko_Peninsula.txt
    output: data/summary_wikititle=Shiretoko_Peninsula_model=t5-base_len=128.csv
    jobid: 28
    wildcards: wikititle=Shiretoko_Peninsula, model=t5-base, max_length=128
    resources: tmpdir=/var/folders/57/9xrg5s891dzfv2s_nfnbj2y40000gq/T

[Thu Dec 23 22:10:38 2021]
Finished job 30.
5 of 31 steps (16%) done
Select jobs to execute...

[Thu Dec 23 22:10:38 2021]
rule summary:
    input: data/wiki_text_wikititle=Kushiro.txt
    output: data/summary_wikititle=Kushiro_model=t5-base_len=128.csv
    jobid: 23
    wildcards: wikititle=Kushiro, model=t5-base, max_length=128
    resources: tmpdir=/var/folders/57/9xrg5s891dzfv2s_nfnbj2y40000gq/T

[Thu Dec 23 22:10:47 2021]
Finished job 28.
6 of 31 steps (19%) done
Select jobs to execute...

[Thu Dec 23 22:10:47 2021]
rule retrieve_wiki_text:
    output: data/wiki_text_wikititle=Sapporo.txt
    jobid: 2
    wildcards: wikititle=Sapporo
    resources: tmpdir=/var/folders/57/9xrg5s891dzfv2s_nfnbj2y40000gq/T

[Thu Dec 23 22:10:48 2021]
Finished job 2.
7 of 31 steps (23%) done
Select jobs to execute...

[Thu Dec 23 22:10:48 2021]
rule summary:
    input: data/wiki_text_wikititle=Otaru.txt
    output: data/summary_wikititle=Otaru_model=t5-small_len=128.csv
    jobid: 10
    wildcards: wikititle=Otaru, model=t5-small, max_length=128
    resources: tmpdir=/var/folders/57/9xrg5s891dzfv2s_nfnbj2y40000gq/T

[Thu Dec 23 22:10:58 2021]
Finished job 23.
8 of 31 steps (26%) done
Select jobs to execute...

[Thu Dec 23 22:10:58 2021]
rule retrieve_wiki_text:
    output: data/wiki_text_wikititle=Hakodate.txt
    jobid: 12
    wildcards: wikititle=Hakodate
    resources: tmpdir=/var/folders/57/9xrg5s891dzfv2s_nfnbj2y40000gq/T

[Thu Dec 23 22:10:59 2021]
Finished job 12.
9 of 31 steps (29%) done
Select jobs to execute...

[Thu Dec 23 22:10:59 2021]
rule summary:
    input: data/wiki_text_wikititle=Kushiro.txt
    output: data/summary_wikititle=Kushiro_model=t5-base_len=32.csv
    jobid: 21
    wildcards: wikititle=Kushiro, model=t5-base, max_length=32
    resources: tmpdir=/var/folders/57/9xrg5s891dzfv2s_nfnbj2y40000gq/T

[Thu Dec 23 22:11:01 2021]
Finished job 10.
10 of 31 steps (32%) done
Select jobs to execute...

[Thu Dec 23 22:11:01 2021]
rule summary:
    input: data/wiki_text_wikititle=Shiretoko_Peninsula.txt
    output: data/summary_wikititle=Shiretoko_Peninsula_model=t5-small_len=32.csv
    jobid: 29
    wildcards: wikititle=Shiretoko_Peninsula, model=t5-small, max_length=32
    resources: tmpdir=/var/folders/57/9xrg5s891dzfv2s_nfnbj2y40000gq/T

[Thu Dec 23 22:11:10 2021]
Finished job 29.
11 of 31 steps (35%) done
Select jobs to execute...

[Thu Dec 23 22:11:10 2021]
rule summary:
    input: data/wiki_text_wikititle=Shiretoko_Peninsula.txt
    output: data/summary_wikititle=Shiretoko_Peninsula_model=t5-base_len=32.csv
    jobid: 26
    wildcards: wikititle=Shiretoko_Peninsula, model=t5-base, max_length=32
    resources: tmpdir=/var/folders/57/9xrg5s891dzfv2s_nfnbj2y40000gq/T

[Thu Dec 23 22:11:12 2021]
Finished job 21.
12 of 31 steps (39%) done
Select jobs to execute...

[Thu Dec 23 22:11:12 2021]
rule summary:
    input: data/wiki_text_wikititle=Hakodate.txt
    output: data/summary_wikititle=Hakodate_model=t5-small_len=32.csv
    jobid: 14
    wildcards: wikititle=Hakodate, model=t5-small, max_length=32
    resources: tmpdir=/var/folders/57/9xrg5s891dzfv2s_nfnbj2y40000gq/T

[Thu Dec 23 22:11:21 2021]
Finished job 14.
13 of 31 steps (42%) done
Select jobs to execute...

[Thu Dec 23 22:11:21 2021]
rule summary:
    input: data/wiki_text_wikititle=Asahikawa.txt
    output: data/summary_wikititle=Asahikawa_model=t5-base_len=32.csv
    jobid: 16
    wildcards: wikititle=Asahikawa, model=t5-base, max_length=32
    resources: tmpdir=/var/folders/57/9xrg5s891dzfv2s_nfnbj2y40000gq/T

[Thu Dec 23 22:11:24 2021]
Finished job 26.
14 of 31 steps (45%) done
Select jobs to execute...

[Thu Dec 23 22:11:24 2021]
rule summary:
    input: data/wiki_text_wikititle=Asahikawa.txt
    output: data/summary_wikititle=Asahikawa_model=t5-small_len=32.csv
    jobid: 19
    wildcards: wikititle=Asahikawa, model=t5-small, max_length=32
    resources: tmpdir=/var/folders/57/9xrg5s891dzfv2s_nfnbj2y40000gq/T

[Thu Dec 23 22:11:33 2021]
Finished job 19.
15 of 31 steps (48%) done
Select jobs to execute...

[Thu Dec 23 22:11:33 2021]
rule summary:
    input: data/wiki_text_wikititle=Sapporo.txt
    output: data/summary_wikititle=Sapporo_model=t5-small_len=128.csv
    jobid: 5
    wildcards: wikititle=Sapporo, model=t5-small, max_length=128
    resources: tmpdir=/var/folders/57/9xrg5s891dzfv2s_nfnbj2y40000gq/T

[Thu Dec 23 22:11:35 2021]
Finished job 16.
16 of 31 steps (52%) done
Select jobs to execute...

[Thu Dec 23 22:11:35 2021]
rule summary:
    input: data/wiki_text_wikititle=Kushiro.txt
    output: data/summary_wikititle=Kushiro_model=t5-small_len=128.csv
    jobid: 25
    wildcards: wikititle=Kushiro, model=t5-small, max_length=128
    resources: tmpdir=/var/folders/57/9xrg5s891dzfv2s_nfnbj2y40000gq/T

[Thu Dec 23 22:11:42 2021]
Finished job 5.
17 of 31 steps (55%) done
Select jobs to execute...

[Thu Dec 23 22:11:42 2021]
rule summary:
    input: data/wiki_text_wikititle=Otaru.txt
    output: data/summary_wikititle=Otaru_model=t5-small_len=32.csv
    jobid: 9
    wildcards: wikititle=Otaru, model=t5-small, max_length=32
    resources: tmpdir=/var/folders/57/9xrg5s891dzfv2s_nfnbj2y40000gq/T

[Thu Dec 23 22:11:45 2021]
Finished job 25.
18 of 31 steps (58%) done
Select jobs to execute...

[Thu Dec 23 22:11:45 2021]
rule summary:
    input: data/wiki_text_wikititle=Hakodate.txt
    output: data/summary_wikititle=Hakodate_model=t5-base_len=32.csv
    jobid: 11
    wildcards: wikititle=Hakodate, model=t5-base, max_length=32
    resources: tmpdir=/var/folders/57/9xrg5s891dzfv2s_nfnbj2y40000gq/T

[Thu Dec 23 22:11:53 2021]
Finished job 9.
19 of 31 steps (61%) done
Select jobs to execute...

[Thu Dec 23 22:11:53 2021]
rule summary:
    input: data/wiki_text_wikititle=Hakodate.txt
    output: data/summary_wikititle=Hakodate_model=t5-base_len=128.csv
    jobid: 13
    wildcards: wikititle=Hakodate, model=t5-base, max_length=128
    resources: tmpdir=/var/folders/57/9xrg5s891dzfv2s_nfnbj2y40000gq/T

[Thu Dec 23 22:12:00 2021]
Finished job 11.
20 of 31 steps (65%) done
Select jobs to execute...

[Thu Dec 23 22:12:00 2021]
rule summary:
    input: data/wiki_text_wikititle=Kushiro.txt
    output: data/summary_wikititle=Kushiro_model=t5-small_len=32.csv
    jobid: 24
    wildcards: wikititle=Kushiro, model=t5-small, max_length=32
    resources: tmpdir=/var/folders/57/9xrg5s891dzfv2s_nfnbj2y40000gq/T

[Thu Dec 23 22:12:09 2021]
Finished job 24.
21 of 31 steps (68%) done
Select jobs to execute...

[Thu Dec 23 22:12:09 2021]
rule summary:
    input: data/wiki_text_wikititle=Otaru.txt
    output: data/summary_wikititle=Otaru_model=t5-base_len=128.csv
    jobid: 8
    wildcards: wikititle=Otaru, model=t5-base, max_length=128
    resources: tmpdir=/var/folders/57/9xrg5s891dzfv2s_nfnbj2y40000gq/T

[Thu Dec 23 22:12:13 2021]
Finished job 13.
22 of 31 steps (71%) done
Select jobs to execute...

[Thu Dec 23 22:12:13 2021]
rule summary:
    input: data/wiki_text_wikititle=Asahikawa.txt
    output: data/summary_wikititle=Asahikawa_model=t5-small_len=128.csv
    jobid: 20
    wildcards: wikititle=Asahikawa, model=t5-small, max_length=128
    resources: tmpdir=/var/folders/57/9xrg5s891dzfv2s_nfnbj2y40000gq/T

[Thu Dec 23 22:12:24 2021]
Finished job 20.
23 of 31 steps (74%) done
Select jobs to execute...

[Thu Dec 23 22:12:24 2021]
rule summary:
    input: data/wiki_text_wikititle=Otaru.txt
    output: data/summary_wikititle=Otaru_model=t5-base_len=32.csv
    jobid: 6
    wildcards: wikititle=Otaru, model=t5-base, max_length=32
    resources: tmpdir=/var/folders/57/9xrg5s891dzfv2s_nfnbj2y40000gq/T

[Thu Dec 23 22:12:32 2021]
Finished job 8.
24 of 31 steps (77%) done
Select jobs to execute...

[Thu Dec 23 22:12:32 2021]
rule summary:
    input: data/wiki_text_wikititle=Asahikawa.txt
    output: data/summary_wikititle=Asahikawa_model=t5-base_len=128.csv
    jobid: 18
    wildcards: wikititle=Asahikawa, model=t5-base, max_length=128
    resources: tmpdir=/var/folders/57/9xrg5s891dzfv2s_nfnbj2y40000gq/T

[Thu Dec 23 22:12:40 2021]
Finished job 6.
25 of 31 steps (81%) done
Select jobs to execute...

[Thu Dec 23 22:12:40 2021]
rule summary:
    input: data/wiki_text_wikititle=Hakodate.txt
    output: data/summary_wikititle=Hakodate_model=t5-small_len=128.csv
    jobid: 15
    wildcards: wikititle=Hakodate, model=t5-small, max_length=128
    resources: tmpdir=/var/folders/57/9xrg5s891dzfv2s_nfnbj2y40000gq/T

[Thu Dec 23 22:12:51 2021]
Finished job 15.
26 of 31 steps (84%) done
Select jobs to execute...

[Thu Dec 23 22:12:51 2021]
rule summary:
    input: data/wiki_text_wikititle=Sapporo.txt
    output: data/summary_wikititle=Sapporo_model=t5-small_len=32.csv
    jobid: 4
    wildcards: wikititle=Sapporo, model=t5-small, max_length=32
    resources: tmpdir=/var/folders/57/9xrg5s891dzfv2s_nfnbj2y40000gq/T

[Thu Dec 23 22:12:52 2021]
Finished job 18.
27 of 31 steps (87%) done
Select jobs to execute...

[Thu Dec 23 22:12:52 2021]
rule summary:
    input: data/wiki_text_wikititle=Sapporo.txt
    output: data/summary_wikititle=Sapporo_model=t5-base_len=32.csv
    jobid: 1
    wildcards: wikititle=Sapporo, model=t5-base, max_length=32
    resources: tmpdir=/var/folders/57/9xrg5s891dzfv2s_nfnbj2y40000gq/T

[Thu Dec 23 22:13:00 2021]
Finished job 4.
28 of 31 steps (90%) done
Select jobs to execute...

[Thu Dec 23 22:13:00 2021]
rule summary:
    input: data/wiki_text_wikititle=Sapporo.txt
    output: data/summary_wikititle=Sapporo_model=t5-base_len=128.csv
    jobid: 3
    wildcards: wikititle=Sapporo, model=t5-base, max_length=128
    resources: tmpdir=/var/folders/57/9xrg5s891dzfv2s_nfnbj2y40000gq/T

[Thu Dec 23 22:13:06 2021]
Finished job 1.
29 of 31 steps (94%) done
[Thu Dec 23 22:13:19 2021]
Finished job 3.
30 of 31 steps (97%) done
Select jobs to execute...

[Thu Dec 23 22:13:19 2021]
localrule all:
    input: data/summary_wikititle=Sapporo_model=t5-base_len=32.csv, data/summary_wikititle=Sapporo_model=t5-base_len=128.csv, data/summary_wikititle=Sapporo_model=t5-small_len=32.csv, data/summary_wikititle=Sapporo_model=t5-small_len=128.csv, data/summary_wikititle=Otaru_model=t5-base_len=32.csv, data/summary_wikititle=Otaru_model=t5-base_len=128.csv, data/summary_wikititle=Otaru_model=t5-small_len=32.csv, data/summary_wikititle=Otaru_model=t5-small_len=128.csv, data/summary_wikititle=Hakodate_model=t5-base_len=32.csv, data/summary_wikititle=Hakodate_model=t5-base_len=128.csv, data/summary_wikititle=Hakodate_model=t5-small_len=32.csv, data/summary_wikititle=Hakodate_model=t5-small_len=128.csv, data/summary_wikititle=Asahikawa_model=t5-base_len=32.csv, data/summary_wikititle=Asahikawa_model=t5-base_len=128.csv, data/summary_wikititle=Asahikawa_model=t5-small_len=32.csv, data/summary_wikititle=Asahikawa_model=t5-small_len=128.csv, data/summary_wikititle=Kushiro_model=t5-base_len=32.csv, data/summary_wikititle=Kushiro_model=t5-base_len=128.csv, data/summary_wikititle=Kushiro_model=t5-small_len=32.csv, data/summary_wikititle=Kushiro_model=t5-small_len=128.csv, data/summary_wikititle=Shiretoko_Peninsula_model=t5-base_len=32.csv, data/summary_wikititle=Shiretoko_Peninsula_model=t5-base_len=128.csv, data/summary_wikititle=Shiretoko_Peninsula_model=t5-small_len=32.csv, data/summary_wikititle=Shiretoko_Peninsula_model=t5-small_len=128.csv
    jobid: 0
    resources: tmpdir=/var/folders/57/9xrg5s891dzfv2s_nfnbj2y40000gq/T

[Thu Dec 23 22:13:19 2021]
Finished job 0.
31 of 31 steps (100%) done
Complete log: /Users/skojaku-admin/program/code/jp-how-to-use-snakemake/Snakemake応用編2/.snakemake/log/2021-12-23T221023.889048.snakemake.log
