Building DAG of jobs...
Using shell: /usr/local/bin/bash
Provided cores: 2
Rules claiming more threads will be scaled down.
Job stats:
job                   count    min threads    max threads
------------------  -------  -------------  -------------
all                       1              1              1
retrieve_wiki_text        6              1              1
summary                  24              1              1
total                    31              1              1

Select jobs to execute...

[Thu Dec 23 22:22:22 2021]
rule retrieve_wiki_text:
    output: data/wiki_text_wikititle=Kushiro.txt
    jobid: 22
    wildcards: wikititle=Kushiro
    resources: tmpdir=/var/folders/57/9xrg5s891dzfv2s_nfnbj2y40000gq/T


[Thu Dec 23 22:22:22 2021]
rule retrieve_wiki_text:
    output: data/wiki_text_wikititle=Asahikawa.txt
    jobid: 17
    wildcards: wikititle=Asahikawa
    resources: tmpdir=/var/folders/57/9xrg5s891dzfv2s_nfnbj2y40000gq/T

[Thu Dec 23 22:22:23 2021]
Finished job 22.
1 of 31 steps (3%) done
Select jobs to execute...

[Thu Dec 23 22:22:23 2021]
rule retrieve_wiki_text:
    output: data/wiki_text_wikititle=Shiretoko_Peninsula.txt
    jobid: 27
    wildcards: wikititle=Shiretoko_Peninsula
    resources: tmpdir=/var/folders/57/9xrg5s891dzfv2s_nfnbj2y40000gq/T

[Thu Dec 23 22:22:23 2021]
Finished job 17.
2 of 31 steps (6%) done
Select jobs to execute...

[Thu Dec 23 22:22:23 2021]
rule summary:
    input: data/wiki_text_wikititle=Kushiro.txt
    output: data/summary_wikititle=Kushiro_model=t5-base_len=128.csv
    jobid: 23
    wildcards: wikititle=Kushiro, model=t5-base, max_length=128
    resources: tmpdir=/var/folders/57/9xrg5s891dzfv2s_nfnbj2y40000gq/T

[Thu Dec 23 22:22:23 2021]
Finished job 27.
3 of 31 steps (10%) done
Select jobs to execute...

[Thu Dec 23 22:22:23 2021]
rule summary:
    input: data/wiki_text_wikititle=Asahikawa.txt
    output: data/summary_wikititle=Asahikawa_model=t5-base_len=32.csv
    jobid: 16
    wildcards: wikititle=Asahikawa, model=t5-base, max_length=32
    resources: tmpdir=/var/folders/57/9xrg5s891dzfv2s_nfnbj2y40000gq/T

[Thu Dec 23 22:22:44 2021]
Finished job 23.
4 of 31 steps (13%) done
Select jobs to execute...

[Thu Dec 23 22:22:44 2021]
rule summary:
    input: data/wiki_text_wikititle=Shiretoko_Peninsula.txt
    output: data/summary_wikititle=Shiretoko_Peninsula_model=t5-small_len=128.csv
    jobid: 30
    wildcards: wikititle=Shiretoko_Peninsula, model=t5-small, max_length=128
    resources: tmpdir=/var/folders/57/9xrg5s891dzfv2s_nfnbj2y40000gq/T

[Thu Dec 23 22:22:48 2021]
Finished job 16.
5 of 31 steps (16%) done
Select jobs to execute...

[Thu Dec 23 22:22:48 2021]
rule summary:
    input: data/wiki_text_wikititle=Asahikawa.txt
    output: data/summary_wikititle=Asahikawa_model=t5-small_len=32.csv
    jobid: 19
    wildcards: wikititle=Asahikawa, model=t5-small, max_length=32
    resources: tmpdir=/var/folders/57/9xrg5s891dzfv2s_nfnbj2y40000gq/T

[Thu Dec 23 22:23:03 2021]
Finished job 30.
6 of 31 steps (19%) done
Select jobs to execute...

[Thu Dec 23 22:23:03 2021]
rule summary:
    input: data/wiki_text_wikititle=Kushiro.txt
    output: data/summary_wikititle=Kushiro_model=t5-base_len=32.csv
    jobid: 21
    wildcards: wikititle=Kushiro, model=t5-base, max_length=32
    resources: tmpdir=/var/folders/57/9xrg5s891dzfv2s_nfnbj2y40000gq/T

[Thu Dec 23 22:23:05 2021]
Finished job 19.
7 of 31 steps (23%) done
Select jobs to execute...

[Thu Dec 23 22:23:05 2021]
rule summary:
    input: data/wiki_text_wikititle=Kushiro.txt
    output: data/summary_wikititle=Kushiro_model=t5-small_len=128.csv
    jobid: 25
    wildcards: wikititle=Kushiro, model=t5-small, max_length=128
    resources: tmpdir=/var/folders/57/9xrg5s891dzfv2s_nfnbj2y40000gq/T

[Thu Dec 23 22:23:20 2021]
Finished job 21.
8 of 31 steps (26%) done
Select jobs to execute...

[Thu Dec 23 22:23:20 2021]
rule retrieve_wiki_text:
    output: data/wiki_text_wikititle=Otaru.txt
    jobid: 7
    wildcards: wikititle=Otaru
    resources: tmpdir=/var/folders/57/9xrg5s891dzfv2s_nfnbj2y40000gq/T

[Thu Dec 23 22:23:21 2021]
Finished job 7.
9 of 31 steps (29%) done
Select jobs to execute...

[Thu Dec 23 22:23:21 2021]
rule summary:
    input: data/wiki_text_wikititle=Shiretoko_Peninsula.txt
    output: data/summary_wikititle=Shiretoko_Peninsula_model=t5-base_len=128.csv
    jobid: 28
    wildcards: wikititle=Shiretoko_Peninsula, model=t5-base, max_length=128
    resources: tmpdir=/var/folders/57/9xrg5s891dzfv2s_nfnbj2y40000gq/T

[Thu Dec 23 22:23:25 2021]
Finished job 25.
10 of 31 steps (32%) done
Select jobs to execute...

[Thu Dec 23 22:23:25 2021]
rule retrieve_wiki_text:
    output: data/wiki_text_wikititle=Sapporo.txt
    jobid: 2
    wildcards: wikititle=Sapporo
    resources: tmpdir=/var/folders/57/9xrg5s891dzfv2s_nfnbj2y40000gq/T

[Thu Dec 23 22:23:26 2021]
Finished job 2.
11 of 31 steps (35%) done
Select jobs to execute...

[Thu Dec 23 22:23:26 2021]
rule summary:
    input: data/wiki_text_wikititle=Otaru.txt
    output: data/summary_wikititle=Otaru_model=t5-small_len=128.csv
    jobid: 10
    wildcards: wikititle=Otaru, model=t5-small, max_length=128
    resources: tmpdir=/var/folders/57/9xrg5s891dzfv2s_nfnbj2y40000gq/T

[Thu Dec 23 22:23:40 2021]
Finished job 10.
12 of 31 steps (39%) done
Select jobs to execute...

[Thu Dec 23 22:23:40 2021]
rule retrieve_wiki_text:
    output: data/wiki_text_wikititle=Hakodate.txt
    jobid: 12
    wildcards: wikititle=Hakodate
    resources: tmpdir=/var/folders/57/9xrg5s891dzfv2s_nfnbj2y40000gq/T

[Thu Dec 23 22:23:41 2021]
Finished job 12.
13 of 31 steps (42%) done
Select jobs to execute...

[Thu Dec 23 22:23:41 2021]
rule summary:
    input: data/wiki_text_wikititle=Kushiro.txt
    output: data/summary_wikititle=Kushiro_model=t5-small_len=32.csv
    jobid: 24
    wildcards: wikititle=Kushiro, model=t5-small, max_length=32
    resources: tmpdir=/var/folders/57/9xrg5s891dzfv2s_nfnbj2y40000gq/T

[Thu Dec 23 22:23:47 2021]
Finished job 28.
14 of 31 steps (45%) done
Select jobs to execute...

[Thu Dec 23 22:23:47 2021]
rule summary:
    input: data/wiki_text_wikititle=Shiretoko_Peninsula.txt
    output: data/summary_wikititle=Shiretoko_Peninsula_model=t5-base_len=32.csv
    jobid: 26
    wildcards: wikititle=Shiretoko_Peninsula, model=t5-base, max_length=32
    resources: tmpdir=/var/folders/57/9xrg5s891dzfv2s_nfnbj2y40000gq/T

Terminating processes on user request, this might take some time.
[Thu Dec 23 22:23:49 2021]
Error in rule summary:
    jobid: 26
    output: data/summary_wikititle=Shiretoko_Peninsula_model=t5-base_len=32.csv
    shell:
        python workflow/summarize.py data/wiki_text_wikititle=Shiretoko_Peninsula.txt t5-base 32 data/summary_wikititle=Shiretoko_Peninsula_model=t5-base_len=32.csv
        (one of the commands exited with non-zero exit code; note that snakemake uses bash strict mode!)

[Thu Dec 23 22:23:49 2021]
Error in rule summary:
    jobid: 24
    output: data/summary_wikititle=Kushiro_model=t5-small_len=32.csv
    shell:
        python workflow/summarize.py data/wiki_text_wikititle=Kushiro.txt t5-small 32 data/summary_wikititle=Kushiro_model=t5-small_len=32.csv
        (one of the commands exited with non-zero exit code; note that snakemake uses bash strict mode!)

Complete log: /Users/skojaku-admin/program/code/jp-how-to-use-snakemake/Snakemake応用編2/.snakemake/log/2021-12-23T222222.125091.snakemake.log
